\BOOKMARK [0][-]{chapter.2}{\376\377\0001\000\040\000I\000n\000t\000r\000o\000d\000u\000c\000t\000i\000o\000n}{}% 1
\BOOKMARK [1][-]{section.3}{\376\377\0001\000.\0001\000\040\000B\000a\000c\000k\000g\000r\000o\000u\000n\000d}{chapter.2}% 2
\BOOKMARK [1][-]{section.4}{\376\377\0001\000.\0002\000\040\000P\000r\000o\000b\000l\000e\000m}{chapter.2}% 3
\BOOKMARK [1][-]{section.5}{\376\377\0001\000.\0003\000\040\000S\000p\000e\000c\000i\000f\000i\000c\000a\000t\000i\000o\000n}{chapter.2}% 4
\BOOKMARK [0][-]{chapter.6}{\376\377\0002\000\040\000I\000n\000t\000e\000n\000d\000e\000d\000\040\000S\000o\000l\000u\000t\000i\000o\000n}{}% 5
\BOOKMARK [0][-]{chapter.7}{\376\377\0003\000\040\000R\000e\000s\000e\000a\000r\000c\000h}{}% 6
\BOOKMARK [1][-]{section.8}{\376\377\0003\000.\0001\000\040\000E\000x\000i\000s\000t\000i\000n\000g\000\040\000D\000e\000v\000i\000c\000e\000s}{chapter.7}% 7
\BOOKMARK [2][-]{subsection.9}{\376\377\0003\000.\0001\000.\0001\000\040\000C\000o\000a\000s\000t\000K\000e\000y}{section.8}% 8
\BOOKMARK [2][-]{subsection.10}{\376\377\0003\000.\0001\000.\0002\000\040\000A\000u\000t\000o\000t\000e\000t\000h\000e\000r}{section.8}% 9
\BOOKMARK [1][-]{section.11}{\376\377\0003\000.\0002\000\040\000A\000c\000c\000i\000d\000e\000n\000t\000s}{chapter.7}% 10
\BOOKMARK [2][-]{subsection.12}{\376\377\0003\000.\0002\000.\0001\000\040\000P\000a\000d\000s\000t\000o\000w}{section.11}% 11
\BOOKMARK [1][-]{section.13}{\376\377\0003\000.\0003\000\040\000R\000e\000g\000u\000l\000a\000t\000i\000o\000n\000s}{chapter.7}% 12
\BOOKMARK [1][-]{section.14}{\376\377\0003\000.\0004\000\040\000S\000e\000n\000s\000o\000r\000s}{chapter.7}% 13
\BOOKMARK [2][-]{subsection.15}{\376\377\0003\000.\0004\000.\0001\000\040\000W\000h\000e\000e\000l}{section.14}% 14
\BOOKMARK [3][-]{subsubsection.16}{\376\377\0003\000.\0004\000.\0001\000.\0001\000\040\000C\000a\000p\000a\000c\000i\000t\000i\000v\000e}{subsection.15}% 15
\BOOKMARK [3][-]{subsubsection.17}{\376\377\0003\000.\0004\000.\0001\000.\0002\000\040\000R\000e\000s\000i\000s\000t\000i\000v\000e}{subsection.15}% 16
\BOOKMARK [2][-]{subsection.18}{\376\377\0003\000.\0004\000.\0002\000\040\000T\000h\000r\000o\000t\000t\000l\000e}{section.14}% 17
\BOOKMARK [2][-]{subsection.19}{\376\377\0003\000.\0004\000.\0003\000\040\000P\000r\000o\000x\000i\000m\000i\000t\000y}{section.14}% 18
\BOOKMARK [3][-]{subsubsection.20}{\376\377\0003\000.\0004\000.\0003\000.\0001\000\040\000I\000n\000f\000r\000a\000-\000r\000e\000d}{subsection.19}% 19
\BOOKMARK [3][-]{subsubsection.21}{\376\377\0003\000.\0004\000.\0003\000.\0002\000\040\000U\000l\000t\000r\000a\000s\000o\000u\000n\000d}{subsection.19}% 20
\BOOKMARK [1][-]{section.22}{\376\377\0003\000.\0005\000\040\000S\000c\000e\000n\000a\000r\000i\000o\000s}{chapter.7}% 21
\BOOKMARK [0][-]{chapter.23}{\376\377\0004\000\040\000P\000l\000a\000n}{}% 22
\BOOKMARK [0][-]{Appendix.24}{\376\377\000A\000p\000p\000e\000n\000d\000i\000x\000\040\000A\000\040\000G\000a\000n\000t\000t\000\040\000C\000h\000a\000r\000t}{}% 23
\BOOKMARK [0][-]{Appendix.25}{\376\377\000A\000p\000p\000e\000n\000d\000i\000x\000\040\000B\000\040\000R\000i\000s\000k\000\040\000M\000a\000t\000r\000i\000x}{}% 24
\BOOKMARK [0][-]{Appendix.26}{\376\377\000A\000p\000p\000e\000n\000d\000i\000x\000\040\000C\000\040\000C\000o\000d\000e}{}% 25
